<!DOCTYPE html>

<html>
  <head>
  <meta charset='utf-8'>
  <title>TestNG reports</title>

    <link type="text/css" href="testng-reports.css" rel="stylesheet" />
    <script type="text/javascript" src="jquery-1.7.1.min.js"></script>
    <script type="text/javascript" src="testng-reports.js"></script>
    <script type="text/javascript" src="https://www.google.com/jsapi"></script>
    <script type='text/javascript'>
      google.load('visualization', '1', {packages:['table']});
      google.setOnLoadCallback(drawTable);
      var suiteTableInitFunctions = new Array();
      var suiteTableData = new Array();
    </script>
    <!--
      <script type="text/javascript" src="jquery-ui/js/jquery-ui-1.8.16.custom.min.js"></script>
     -->
  </head>

  <body>
    <div class="top-banner-root">
      <span class="top-banner-title-font">Test results</span>
      <br/>
      <span class="top-banner-font-1">1 suite, 5 failed tests</span>
    </div> <!-- top-banner-root -->
    <div class="navigator-root">
      <div class="navigator-suite-header">
        <span>All suites</span>
        <a href="#" title="Collapse/expand all the suites" class="collapse-all-link">
          <img src="collapseall.gif" class="collapse-all-icon">
          </img> <!-- collapse-all-icon -->
        </a> <!-- collapse-all-link -->
      </div> <!-- navigator-suite-header -->
      <div class="suite">
        <div class="rounded-window">
          <div class="suite-header light-rounded-window-top">
            <a href="#" panel-name="suite-Opencart_App_Test_Regression_Suite" class="navigator-link">
              <span class="suite-name border-failed">Opencart App Test Regression Suite</span>
            </a> <!-- navigator-link -->
          </div> <!-- suite-header light-rounded-window-top -->
          <div class="navigator-suite-content">
            <div class="suite-section-title">
              <span>Info</span>
            </div> <!-- suite-section-title -->
            <div class="suite-section-content">
              <ul>
                <li>
                  <a href="#" panel-name="test-xml-Opencart_App_Test_Regression_Suite" class="navigator-link ">
                    <span>E:\Selenium projects\July2023POMPractice\src\test\resources\testRunners\testing_regression.xml</span>
                  </a> <!-- navigator-link  -->
                </li>
                <li>
                  <a href="#" panel-name="testlist-Opencart_App_Test_Regression_Suite" class="navigator-link ">
                    <span class="test-stats">4 tests</span>
                  </a> <!-- navigator-link  -->
                </li>
                <li>
                  <a href="#" panel-name="group-Opencart_App_Test_Regression_Suite" class="navigator-link ">
                    <span>0 groups</span>
                  </a> <!-- navigator-link  -->
                </li>
                <li>
                  <a href="#" panel-name="times-Opencart_App_Test_Regression_Suite" class="navigator-link ">
                    <span>Times</span>
                  </a> <!-- navigator-link  -->
                </li>
                <li>
                  <a href="#" panel-name="reporter-Opencart_App_Test_Regression_Suite" class="navigator-link ">
                    <span>Reporter output</span>
                  </a> <!-- navigator-link  -->
                </li>
                <li>
                  <a href="#" panel-name="ignored-methods-Opencart_App_Test_Regression_Suite" class="navigator-link ">
                    <span>Ignored methods</span>
                  </a> <!-- navigator-link  -->
                </li>
                <li>
                  <a href="#" panel-name="chronological-Opencart_App_Test_Regression_Suite" class="navigator-link ">
                    <span>Chronological view</span>
                  </a> <!-- navigator-link  -->
                </li>
              </ul>
            </div> <!-- suite-section-content -->
            <div class="result-section">
              <div class="suite-section-title">
                <span>Results</span>
              </div> <!-- suite-section-title -->
              <div class="suite-section-content">
                <ul>
                  <li>
                    <span class="method-stats">26 methods, 5 failed,   21 passed</span>
                  </li>
                  <li>
                    <span class="method-list-title failed">Failed methods</span>
                    <span class="show-or-hide-methods failed">
                      <a href="#" panel-name="suite-Opencart_App_Test_Regression_Suite" class="hide-methods failed suite-Opencart_App_Test_Regression_Suite"> (hide)</a> <!-- hide-methods failed suite-Opencart_App_Test_Regression_Suite -->
                      <a href="#" panel-name="suite-Opencart_App_Test_Regression_Suite" class="show-methods failed suite-Opencart_App_Test_Regression_Suite"> (show)</a> <!-- show-methods failed suite-Opencart_App_Test_Regression_Suite -->
                    </span>
                    <div class="method-list-content failed suite-Opencart_App_Test_Regression_Suite">
                      <span>
                        <img src="failed.png" width="3%"/>
                        <a href="#" panel-name="suite-Opencart_App_Test_Regression_Suite" title="com.qa.opencart.test.AccountsPageTest" class="method navigator-link" hash-for-method="accPageHeadersCountTest">accPageHeadersCountTest</a> <!-- method navigator-link -->
                      </span>
                      <br/>
                      <span>
                        <img src="failed.png" width="3%"/>
                        <a href="#" panel-name="suite-Opencart_App_Test_Regression_Suite" title="com.qa.opencart.test.AccountsPageTest" class="method navigator-link" hash-for-method="accPageHeadersValueTest">accPageHeadersValueTest</a> <!-- method navigator-link -->
                      </span>
                      <br/>
                      <span>
                        <img src="failed.png" width="3%"/>
                        <a href="#" panel-name="suite-Opencart_App_Test_Regression_Suite" title="com.qa.opencart.test.AccountsPageTest" class="method navigator-link" hash-for-method="accPageTitleTest">accPageTitleTest</a> <!-- method navigator-link -->
                      </span>
                      <br/>
                      <span>
                        <img src="failed.png" width="3%"/>
                        <a href="#" panel-name="suite-Opencart_App_Test_Regression_Suite" title="com.qa.opencart.test.ProductPageInfoTest" class="method navigator-link" hash-for-method="addtToCartTest(iMac, iMac, 2)">addtToCartTest(iMac, iMac, 2)</a> <!-- method navigator-link -->
                      </span>
                      <br/>
                      <span>
                        <img src="failed.png" width="3%"/>
                        <a href="#" panel-name="suite-Opencart_App_Test_Regression_Suite" title="com.qa.opencart.test.LoginPageTest" class="method navigator-link" hash-for-method="loginTest">loginTest</a> <!-- method navigator-link -->
                      </span>
                      <br/>
                    </div> <!-- method-list-content failed suite-Opencart_App_Test_Regression_Suite -->
                  </li>
                  <li>
                    <span class="method-list-title passed">Passed methods</span>
                    <span class="show-or-hide-methods passed">
                      <a href="#" panel-name="suite-Opencart_App_Test_Regression_Suite" class="hide-methods passed suite-Opencart_App_Test_Regression_Suite"> (hide)</a> <!-- hide-methods passed suite-Opencart_App_Test_Regression_Suite -->
                      <a href="#" panel-name="suite-Opencart_App_Test_Regression_Suite" class="show-methods passed suite-Opencart_App_Test_Regression_Suite"> (show)</a> <!-- show-methods passed suite-Opencart_App_Test_Regression_Suite -->
                    </span>
                    <div class="method-list-content passed suite-Opencart_App_Test_Regression_Suite">
                      <span>
                        <img src="passed.png" width="3%"/>
                        <a href="#" panel-name="suite-Opencart_App_Test_Regression_Suite" title="com.qa.opencart.test.ProductPageInfoTest" class="method navigator-link" hash-for-method="addtToCartTest(MacBook, MacBook Pro, 1)">addtToCartTest(MacBook, MacBook Pro, 1)</a> <!-- method navigator-link -->
                      </span>
                      <br/>
                      <span>
                        <img src="passed.png" width="3%"/>
                        <a href="#" panel-name="suite-Opencart_App_Test_Regression_Suite" title="com.qa.opencart.test.LoginPageTest" class="method navigator-link" hash-for-method="forgotPwdLinkExistTest">forgotPwdLinkExistTest</a> <!-- method navigator-link -->
                      </span>
                      <br/>
                      <span>
                        <img src="passed.png" width="3%"/>
                        <a href="#" panel-name="suite-Opencart_App_Test_Regression_Suite" title="com.qa.opencart.test.LoginPageTest" class="method navigator-link" hash-for-method="loginPageTitleTest">loginPageTitleTest</a> <!-- method navigator-link -->
                      </span>
                      <br/>
                      <span>
                        <img src="passed.png" width="3%"/>
                        <a href="#" panel-name="suite-Opencart_App_Test_Regression_Suite" title="com.qa.opencart.test.LoginPageTest" class="method navigator-link" hash-for-method="loginPageURLTest">loginPageURLTest</a> <!-- method navigator-link -->
                      </span>
                      <br/>
                      <span>
                        <img src="passed.png" width="3%"/>
                        <a href="#" panel-name="suite-Opencart_App_Test_Regression_Suite" title="com.qa.opencart.test.ProductPageInfoTest" class="method navigator-link" hash-for-method="productImagesCountTest(Samsung, Samsung SyncMaster 941BW, 1)">productImagesCountTest(Samsung, Samsung SyncMaster 941BW, 1)</a> <!-- method navigator-link -->
                      </span>
                      <br/>
                      <span>
                        <img src="passed.png" width="3%"/>
                        <a href="#" panel-name="suite-Opencart_App_Test_Regression_Suite" title="com.qa.opencart.test.ProductPageInfoTest" class="method navigator-link" hash-for-method="productImagesCountTest(Apple, Apple Cinema 30&quot;, 6)">productImagesCountTest(Apple, Apple Cinema 30", 6)</a> <!-- method navigator-link -->
                      </span>
                      <br/>
                      <span>
                        <img src="passed.png" width="3%"/>
                        <a href="#" panel-name="suite-Opencart_App_Test_Regression_Suite" title="com.qa.opencart.test.ProductPageInfoTest" class="method navigator-link" hash-for-method="productImagesCountTest(Macbook, MacBook Pro, 4)">productImagesCountTest(Macbook, MacBook Pro, 4)</a> <!-- method navigator-link -->
                      </span>
                      <br/>
                      <span>
                        <img src="passed.png" width="3%"/>
                        <a href="#" panel-name="suite-Opencart_App_Test_Regression_Suite" title="com.qa.opencart.test.ProductPageInfoTest" class="method navigator-link" hash-for-method="productImagesCountTest(iMac, iMac, 3)">productImagesCountTest(iMac, iMac, 3)</a> <!-- method navigator-link -->
                      </span>
                      <br/>
                      <span>
                        <img src="passed.png" width="3%"/>
                        <a href="#" panel-name="suite-Opencart_App_Test_Regression_Suite" title="com.qa.opencart.test.ProductPageInfoTest" class="method navigator-link" hash-for-method="productInfoTest">productInfoTest</a> <!-- method navigator-link -->
                      </span>
                      <br/>
                      <span>
                        <img src="passed.png" width="3%"/>
                        <a href="#" panel-name="suite-Opencart_App_Test_Regression_Suite" title="com.qa.opencart.test.AccountsPageTest" class="method navigator-link" hash-for-method="searchProductCountTest(Macbook)">searchProductCountTest(Macbook)</a> <!-- method navigator-link -->
                      </span>
                      <br/>
                      <span>
                        <img src="passed.png" width="3%"/>
                        <a href="#" panel-name="suite-Opencart_App_Test_Regression_Suite" title="com.qa.opencart.test.AccountsPageTest" class="method navigator-link" hash-for-method="searchProductCountTest(Samsung)">searchProductCountTest(Samsung)</a> <!-- method navigator-link -->
                      </span>
                      <br/>
                      <span>
                        <img src="passed.png" width="3%"/>
                        <a href="#" panel-name="suite-Opencart_App_Test_Regression_Suite" title="com.qa.opencart.test.AccountsPageTest" class="method navigator-link" hash-for-method="searchProductCountTest(iMac)">searchProductCountTest(iMac)</a> <!-- method navigator-link -->
                      </span>
                      <br/>
                      <span>
                        <img src="passed.png" width="3%"/>
                        <a href="#" panel-name="suite-Opencart_App_Test_Regression_Suite" title="com.qa.opencart.test.AccountsPageTest" class="method navigator-link" hash-for-method="searchProductCountTest(Apple)">searchProductCountTest(Apple)</a> <!-- method navigator-link -->
                      </span>
                      <br/>
                      <span>
                        <img src="passed.png" width="3%"/>
                        <a href="#" panel-name="suite-Opencart_App_Test_Regression_Suite" title="com.qa.opencart.test.AccountsPageTest" class="method navigator-link" hash-for-method="searchProductTest(Macbook, MacBook Pro)">searchProductTest(Macbook, MacBook Pro)</a> <!-- method navigator-link -->
                      </span>
                      <br/>
                      <span>
                        <img src="passed.png" width="3%"/>
                        <a href="#" panel-name="suite-Opencart_App_Test_Regression_Suite" title="com.qa.opencart.test.AccountsPageTest" class="method navigator-link" hash-for-method="searchProductTest(Macbook, MacBook Air)">searchProductTest(Macbook, MacBook Air)</a> <!-- method navigator-link -->
                      </span>
                      <br/>
                      <span>
                        <img src="passed.png" width="3%"/>
                        <a href="#" panel-name="suite-Opencart_App_Test_Regression_Suite" title="com.qa.opencart.test.AccountsPageTest" class="method navigator-link" hash-for-method="searchProductTest(Samsung, Samsung SyncMaster 941BW)">searchProductTest(Samsung, Samsung SyncMaster 941BW)</a> <!-- method navigator-link -->
                      </span>
                      <br/>
                      <span>
                        <img src="passed.png" width="3%"/>
                        <a href="#" panel-name="suite-Opencart_App_Test_Regression_Suite" title="com.qa.opencart.test.AccountsPageTest" class="method navigator-link" hash-for-method="searchProductTest(Apple, Apple Cinema 30&quot;)">searchProductTest(Apple, Apple Cinema 30")</a> <!-- method navigator-link -->
                      </span>
                      <br/>
                      <span>
                        <img src="passed.png" width="3%"/>
                        <a href="#" panel-name="suite-Opencart_App_Test_Regression_Suite" title="com.qa.opencart.test.AccountsPageTest" class="method navigator-link" hash-for-method="searchProductTest(iMac, iMac)">searchProductTest(iMac, iMac)</a> <!-- method navigator-link -->
                      </span>
                      <br/>
                      <span>
                        <img src="passed.png" width="3%"/>
                        <a href="#" panel-name="suite-Opencart_App_Test_Regression_Suite" title="com.qa.opencart.test.RegistrationPageTest" class="method navigator-link" hash-for-method="userRegTest(amit, bidkar, 9898989898, amit@123, yes)">userRegTest(amit, bidkar, 9898989898, amit@123, yes)</a> <!-- method navigator-link -->
                      </span>
                      <br/>
                      <span>
                        <img src="passed.png" width="3%"/>
                        <a href="#" panel-name="suite-Opencart_App_Test_Regression_Suite" title="com.qa.opencart.test.RegistrationPageTest" class="method navigator-link" hash-for-method="userRegTest(vinutha, ravi, 9898978986, vinu@123, yes)">userRegTest(vinutha, ravi, 9898978986, vinu@123, yes)</a> <!-- method navigator-link -->
                      </span>
                      <br/>
                      <span>
                        <img src="passed.png" width="3%"/>
                        <a href="#" panel-name="suite-Opencart_App_Test_Regression_Suite" title="com.qa.opencart.test.RegistrationPageTest" class="method navigator-link" hash-for-method="userRegTest(meenakshi, sharma, 9876543212, meen@123, no)">userRegTest(meenakshi, sharma, 9876543212, meen@123, no)</a> <!-- method navigator-link -->
                      </span>
                      <br/>
                    </div> <!-- method-list-content passed suite-Opencart_App_Test_Regression_Suite -->
                  </li>
                </ul>
              </div> <!-- suite-section-content -->
            </div> <!-- result-section -->
          </div> <!-- navigator-suite-content -->
        </div> <!-- rounded-window -->
      </div> <!-- suite -->
    </div> <!-- navigator-root -->
    <div class="wrapper">
      <div class="main-panel-root">
        <div panel-name="suite-Opencart_App_Test_Regression_Suite" class="panel Opencart_App_Test_Regression_Suite">
          <div class="suite-Opencart_App_Test_Regression_Suite-class-failed">
            <div class="main-panel-header rounded-window-top">
              <img src="failed.png"/>
              <span class="class-name">com.qa.opencart.test.AccountsPageTest</span>
            </div> <!-- main-panel-header rounded-window-top -->
            <div class="main-panel-content rounded-window-bottom">
              <div class="method">
                <div class="method-content">
                  <a name="accPageHeadersCountTest">
                  </a> <!-- accPageHeadersCountTest -->
                  <span class="method-name">accPageHeadersCountTest</span>
                  <div class="stack-trace">java.lang.AssertionError: expected [4] but found [2]
	at org.testng.Assert.fail(Assert.java:96)
	at org.testng.Assert.failNotEquals(Assert.java:776)
	at org.testng.Assert.assertEqualsImpl(Assert.java:137)
	at org.testng.Assert.assertEquals(Assert.java:118)
	at org.testng.Assert.assertEquals(Assert.java:652)
	at org.testng.Assert.assertEquals(Assert.java:662)
	at com.qa.opencart.test.AccountsPageTest.accPageHeadersCountTest(AccountsPageTest.java:37)
	at java.base/jdk.internal.reflect.DirectMethodHandleAccessor.invoke(DirectMethodHandleAccessor.java:104)
	at java.base/java.lang.reflect.Method.invoke(Method.java:578)
	at org.testng.internal.MethodInvocationHelper.invokeMethod(MethodInvocationHelper.java:124)
	at org.testng.internal.Invoker.invokeMethod(Invoker.java:583)
	at org.testng.internal.Invoker.invokeTestMethod(Invoker.java:719)
	at org.testng.internal.Invoker.invokeTestMethods(Invoker.java:989)
	at org.testng.internal.TestMethodWorker.invokeTestMethods(TestMethodWorker.java:125)
	at org.testng.internal.TestMethodWorker.run(TestMethodWorker.java:109)
	at org.testng.TestRunner.privateRun(TestRunner.java:648)
	at org.testng.TestRunner.run(TestRunner.java:505)
	at org.testng.SuiteRunner.runTest(SuiteRunner.java:455)
	at org.testng.SuiteRunner.access$000(SuiteRunner.java:40)
	at org.testng.SuiteRunner$SuiteWorker.run(SuiteRunner.java:489)
	at org.testng.internal.thread.ThreadUtil$1.call(ThreadUtil.java:52)
	at java.base/java.util.concurrent.FutureTask.run(FutureTask.java:317)
	at java.base/java.util.concurrent.ThreadPoolExecutor.runWorker(ThreadPoolExecutor.java:1144)
	at java.base/java.util.concurrent.ThreadPoolExecutor$Worker.run(ThreadPoolExecutor.java:642)
	at java.base/java.lang.Thread.run(Thread.java:1623)

</div> <!-- stack-trace -->
                </div> <!-- method-content -->
              </div> <!-- method -->
              <div class="method">
                <div class="method-content">
                  <a name="accPageHeadersValueTest">
                  </a> <!-- accPageHeadersValueTest -->
                  <span class="method-name">accPageHeadersValueTest</span>
                  <div class="stack-trace">java.lang.AssertionError: lists don&apos;t have the same size expected [4] but found [2]
	at org.testng.Assert.fail(Assert.java:96)
	at org.testng.Assert.failNotEquals(Assert.java:776)
	at org.testng.Assert.assertEqualsImpl(Assert.java:137)
	at org.testng.Assert.assertEquals(Assert.java:118)
	at org.testng.Assert.assertEquals(Assert.java:652)
	at org.testng.Assert.assertEquals(Assert.java:819)
	at org.testng.Assert.assertEquals(Assert.java:796)
	at com.qa.opencart.test.AccountsPageTest.accPageHeadersValueTest(AccountsPageTest.java:44)
	at java.base/jdk.internal.reflect.DirectMethodHandleAccessor.invoke(DirectMethodHandleAccessor.java:104)
	at java.base/java.lang.reflect.Method.invoke(Method.java:578)
	at org.testng.internal.MethodInvocationHelper.invokeMethod(MethodInvocationHelper.java:124)
	at org.testng.internal.Invoker.invokeMethod(Invoker.java:583)
	at org.testng.internal.Invoker.invokeTestMethod(Invoker.java:719)
	at org.testng.internal.Invoker.invokeTestMethods(Invoker.java:989)
	at org.testng.internal.TestMethodWorker.invokeTestMethods(TestMethodWorker.java:125)
	at org.testng.internal.TestMethodWorker.run(TestMethodWorker.java:109)
	at org.testng.TestRunner.privateRun(TestRunner.java:648)
	at org.testng.TestRunner.run(TestRunner.java:505)
	at org.testng.SuiteRunner.runTest(SuiteRunner.java:455)
	at org.testng.SuiteRunner.access$000(SuiteRunner.java:40)
	at org.testng.SuiteRunner$SuiteWorker.run(SuiteRunner.java:489)
	at org.testng.internal.thread.ThreadUtil$1.call(ThreadUtil.java:52)
	at java.base/java.util.concurrent.FutureTask.run(FutureTask.java:317)
	at java.base/java.util.concurrent.ThreadPoolExecutor.runWorker(ThreadPoolExecutor.java:1144)
	at java.base/java.util.concurrent.ThreadPoolExecutor$Worker.run(ThreadPoolExecutor.java:642)
	at java.base/java.lang.Thread.run(Thread.java:1623)

</div> <!-- stack-trace -->
                </div> <!-- method-content -->
              </div> <!-- method -->
              <div class="method">
                <div class="method-content">
                  <a name="accPageTitleTest">
                  </a> <!-- accPageTitleTest -->
                  <span class="method-name">accPageTitleTest</span>
                  <div class="stack-trace">org.openqa.selenium.TimeoutException: Expected condition failed: waiting for title to be &quot;My Account&quot;. Current title: &quot;Account Login&quot; (tried for 5 second(s) with 500 milliseconds interval)
Build info: version: &apos;4.8.2&apos;, revision: &apos;826dbfc730&apos;
System info: os.name: &apos;Windows 11&apos;, os.arch: &apos;amd64&apos;, os.version: &apos;10.0&apos;, java.version: &apos;20.0.1&apos;
Driver info: org.openqa.selenium.chrome.ChromeDriver
Capabilities {acceptInsecureCerts: false, browserName: chrome, browserVersion: 115.0.5790.98, chrome: {chromedriverVersion: 114.0.5735.90 (386bc09e8f4f..., userDataDir: C:\Users\sonia\AppData\Loca...}, goog:chromeOptions: {debuggerAddress: localhost:61859}, networkConnectionEnabled: false, pageLoadStrategy: normal, platformName: WINDOWS, proxy: Proxy(), se:cdp: ws://localhost:61859/devtoo..., se:cdpVersion: 115.0.5790.98, setWindowRect: true, strictFileInteractability: false, timeouts: {implicit: 0, pageLoad: 300000, script: 30000}, unhandledPromptBehavior: dismiss and notify, webauthn:extension:credBlob: true, webauthn:extension:largeBlob: true, webauthn:extension:minPinLength: true, webauthn:extension:prf: true, webauthn:virtualAuthenticators: true}
Session ID: db6a424a2a33e28239ecce5aad911976
	at org.openqa.selenium.support.ui.WebDriverWait.timeoutException(WebDriverWait.java:87)
	at org.openqa.selenium.support.ui.FluentWait.until(FluentWait.java:231)
	at com.qa.opencart.utils.ElementUtil.waitForTitleIsAndFetch(ElementUtil.java:232)
	at com.qa.opencart.pages.AccountsPage.getAccPageTitle(AccountsPage.java:30)
	at com.qa.opencart.test.AccountsPageTest.accPageTitleTest(AccountsPageTest.java:24)
	at java.base/jdk.internal.reflect.DirectMethodHandleAccessor.invoke(DirectMethodHandleAccessor.java:104)
	at java.base/java.lang.reflect.Method.invoke(Method.java:578)
	at org.testng.internal.MethodInvocationHelper.invokeMethod(MethodInvocationHelper.java:124)
	at org.testng.internal.Invoker.invokeMethod(Invoker.java:583)
	at org.testng.internal.Invoker.invokeTestMethod(Invoker.java:719)
	at org.testng.internal.Invoker.invokeTestMethods(Invoker.java:989)
	at org.testng.internal.TestMethodWorker.invokeTestMethods(TestMethodWorker.java:125)
	at org.testng.internal.TestMethodWorker.run(TestMethodWorker.java:109)
	at org.testng.TestRunner.privateRun(TestRunner.java:648)
	at org.testng.TestRunner.run(TestRunner.java:505)
	at org.testng.SuiteRunner.runTest(SuiteRunner.java:455)
	at org.testng.SuiteRunner.access$000(SuiteRunner.java:40)
	at org.testng.SuiteRunner$SuiteWorker.run(SuiteRunner.java:489)
	at org.testng.internal.thread.ThreadUtil$1.call(ThreadUtil.java:52)
	at java.base/java.util.concurrent.FutureTask.run(FutureTask.java:317)
	at java.base/java.util.concurrent.ThreadPoolExecutor.runWorker(ThreadPoolExecutor.java:1144)
	at java.base/java.util.concurrent.ThreadPoolExecutor$Worker.run(ThreadPoolExecutor.java:642)
	at java.base/java.lang.Thread.run(Thread.java:1623)

</div> <!-- stack-trace -->
                </div> <!-- method-content -->
              </div> <!-- method -->
            </div> <!-- main-panel-content rounded-window-bottom -->
          </div> <!-- suite-Opencart_App_Test_Regression_Suite-class-failed -->
          <div class="suite-Opencart_App_Test_Regression_Suite-class-failed">
            <div class="main-panel-header rounded-window-top">
              <img src="failed.png"/>
              <span class="class-name">com.qa.opencart.test.ProductPageInfoTest</span>
            </div> <!-- main-panel-header rounded-window-top -->
            <div class="main-panel-content rounded-window-bottom">
              <div class="method">
                <div class="method-content">
                  <a name="addtToCartTest(iMac, iMac, 2)">
                  </a> <!-- addtToCartTest(iMac, iMac, 2) -->
                  <span class="method-name">addtToCartTest</span>
                  <span class="parameters">(iMac, iMac, 2)</span>
                  <div class="stack-trace">org.openqa.selenium.TimeoutException: Expected condition failed: waiting for visibility of element located by By.cssSelector: div.alert.alert-success (tried for 5 second(s) with 500 milliseconds interval)
Build info: version: &apos;4.8.2&apos;, revision: &apos;826dbfc730&apos;
System info: os.name: &apos;Windows 11&apos;, os.arch: &apos;amd64&apos;, os.version: &apos;10.0&apos;, java.version: &apos;20.0.1&apos;
Driver info: org.openqa.selenium.chrome.ChromeDriver
Capabilities {acceptInsecureCerts: false, browserName: chrome, browserVersion: 115.0.5790.98, chrome: {chromedriverVersion: 114.0.5735.90 (386bc09e8f4f..., userDataDir: C:\Users\sonia\AppData\Loca...}, goog:chromeOptions: {debuggerAddress: localhost:61861}, networkConnectionEnabled: false, pageLoadStrategy: normal, platformName: WINDOWS, proxy: Proxy(), se:cdp: ws://localhost:61861/devtoo..., se:cdpVersion: 115.0.5790.98, setWindowRect: true, strictFileInteractability: false, timeouts: {implicit: 0, pageLoad: 300000, script: 30000}, unhandledPromptBehavior: dismiss and notify, webauthn:extension:credBlob: true, webauthn:extension:largeBlob: true, webauthn:extension:minPinLength: true, webauthn:extension:prf: true, webauthn:virtualAuthenticators: true}
Session ID: 3b08852932b7c5f3d712ed07d485fbe7
	at org.openqa.selenium.support.ui.WebDriverWait.timeoutException(WebDriverWait.java:87)
	at org.openqa.selenium.support.ui.FluentWait.until(FluentWait.java:231)
	at com.qa.opencart.utils.ElementUtil.waitForElementVisible(ElementUtil.java:187)
	at com.qa.opencart.pages.ProductInfoPage.addProductToCart(ProductInfoPage.java:117)
	at com.qa.opencart.test.ProductPageInfoTest.addtToCartTest(ProductPageInfoTest.java:76)
	at java.base/jdk.internal.reflect.DirectMethodHandleAccessor.invoke(DirectMethodHandleAccessor.java:104)
	at java.base/java.lang.reflect.Method.invoke(Method.java:578)
	at org.testng.internal.MethodInvocationHelper.invokeMethod(MethodInvocationHelper.java:124)
	at org.testng.internal.Invoker.invokeMethod(Invoker.java:583)
	at org.testng.internal.Invoker.invokeTestMethod(Invoker.java:719)
	at org.testng.internal.Invoker.invokeTestMethods(Invoker.java:989)
	at org.testng.internal.TestMethodWorker.invokeTestMethods(TestMethodWorker.java:125)
	at org.testng.internal.TestMethodWorker.run(TestMethodWorker.java:109)
	at org.testng.TestRunner.privateRun(TestRunner.java:648)
	at org.testng.TestRunner.run(TestRunner.java:505)
	at org.testng.SuiteRunner.runTest(SuiteRunner.java:455)
	at org.testng.SuiteRunner.access$000(SuiteRunner.java:40)
	at org.testng.SuiteRunner$SuiteWorker.run(SuiteRunner.java:489)
	at org.testng.internal.thread.ThreadUtil$1.call(ThreadUtil.java:52)
	at java.base/java.util.concurrent.FutureTask.run(FutureTask.java:317)
	at java.base/java.util.concurrent.ThreadPoolExecutor.runWorker(ThreadPoolExecutor.java:1144)
	at java.base/java.util.concurrent.ThreadPoolExecutor$Worker.run(ThreadPoolExecutor.java:642)
	at java.base/java.lang.Thread.run(Thread.java:1623)

</div> <!-- stack-trace -->
                </div> <!-- method-content -->
              </div> <!-- method -->
            </div> <!-- main-panel-content rounded-window-bottom -->
          </div> <!-- suite-Opencart_App_Test_Regression_Suite-class-failed -->
          <div class="suite-Opencart_App_Test_Regression_Suite-class-failed">
            <div class="main-panel-header rounded-window-top">
              <img src="failed.png"/>
              <span class="class-name">com.qa.opencart.test.LoginPageTest</span>
            </div> <!-- main-panel-header rounded-window-top -->
            <div class="main-panel-content rounded-window-bottom">
              <div class="method">
                <div class="method-content">
                  <a name="loginTest">
                  </a> <!-- loginTest -->
                  <span class="method-name">loginTest</span>
                  <div class="stack-trace">org.openqa.selenium.TimeoutException: Expected condition failed: waiting for visibility of element located by By.linkText: Logout (tried for 10 second(s) with 500 milliseconds interval)
Build info: version: &apos;4.8.2&apos;, revision: &apos;826dbfc730&apos;
System info: os.name: &apos;Windows 11&apos;, os.arch: &apos;amd64&apos;, os.version: &apos;10.0&apos;, java.version: &apos;20.0.1&apos;
Driver info: org.openqa.selenium.chrome.ChromeDriver
Capabilities {acceptInsecureCerts: false, browserName: chrome, browserVersion: 115.0.5790.98, chrome: {chromedriverVersion: 114.0.5735.90 (386bc09e8f4f..., userDataDir: C:\Users\sonia\AppData\Loca...}, goog:chromeOptions: {debuggerAddress: localhost:61875}, networkConnectionEnabled: false, pageLoadStrategy: normal, platformName: WINDOWS, proxy: Proxy(), se:cdp: ws://localhost:61875/devtoo..., se:cdpVersion: 115.0.5790.98, setWindowRect: true, strictFileInteractability: false, timeouts: {implicit: 0, pageLoad: 300000, script: 30000}, unhandledPromptBehavior: dismiss and notify, webauthn:extension:credBlob: true, webauthn:extension:largeBlob: true, webauthn:extension:minPinLength: true, webauthn:extension:prf: true, webauthn:virtualAuthenticators: true}
Session ID: f12cef0f32c2ccd4a13a03685908697c
	at org.openqa.selenium.support.ui.WebDriverWait.timeoutException(WebDriverWait.java:87)
	at org.openqa.selenium.support.ui.FluentWait.until(FluentWait.java:231)
	at com.qa.opencart.utils.ElementUtil.waitForElementVisible(ElementUtil.java:187)
	at com.qa.opencart.pages.AccountsPage.isLogoutLinkExist(AccountsPage.java:49)
	at com.qa.opencart.test.LoginPageTest.loginTest(LoginPageTest.java:36)
	at java.base/jdk.internal.reflect.DirectMethodHandleAccessor.invoke(DirectMethodHandleAccessor.java:104)
	at java.base/java.lang.reflect.Method.invoke(Method.java:578)
	at org.testng.internal.MethodInvocationHelper.invokeMethod(MethodInvocationHelper.java:124)
	at org.testng.internal.Invoker.invokeMethod(Invoker.java:583)
	at org.testng.internal.Invoker.invokeTestMethod(Invoker.java:719)
	at org.testng.internal.Invoker.invokeTestMethods(Invoker.java:989)
	at org.testng.internal.TestMethodWorker.invokeTestMethods(TestMethodWorker.java:125)
	at org.testng.internal.TestMethodWorker.run(TestMethodWorker.java:109)
	at org.testng.TestRunner.privateRun(TestRunner.java:648)
	at org.testng.TestRunner.run(TestRunner.java:505)
	at org.testng.SuiteRunner.runTest(SuiteRunner.java:455)
	at org.testng.SuiteRunner.access$000(SuiteRunner.java:40)
	at org.testng.SuiteRunner$SuiteWorker.run(SuiteRunner.java:489)
	at org.testng.internal.thread.ThreadUtil$1.call(ThreadUtil.java:52)
	at java.base/java.util.concurrent.FutureTask.run(FutureTask.java:317)
	at java.base/java.util.concurrent.ThreadPoolExecutor.runWorker(ThreadPoolExecutor.java:1144)
	at java.base/java.util.concurrent.ThreadPoolExecutor$Worker.run(ThreadPoolExecutor.java:642)
	at java.base/java.lang.Thread.run(Thread.java:1623)

</div> <!-- stack-trace -->
                </div> <!-- method-content -->
              </div> <!-- method -->
            </div> <!-- main-panel-content rounded-window-bottom -->
          </div> <!-- suite-Opencart_App_Test_Regression_Suite-class-failed -->
          <div class="suite-Opencart_App_Test_Regression_Suite-class-passed">
            <div class="main-panel-header rounded-window-top">
              <img src="passed.png"/>
              <span class="class-name">com.qa.opencart.test.AccountsPageTest</span>
            </div> <!-- main-panel-header rounded-window-top -->
            <div class="main-panel-content rounded-window-bottom">
              <div class="method">
                <div class="method-content">
                  <a name="searchProductCountTest(Macbook)">
                  </a> <!-- searchProductCountTest(Macbook) -->
                  <span class="method-name">searchProductCountTest</span>
                  <span class="parameters">(Macbook)</span>
                </div> <!-- method-content -->
              </div> <!-- method -->
              <div class="method">
                <div class="method-content">
                  <a name="searchProductCountTest(Samsung)">
                  </a> <!-- searchProductCountTest(Samsung) -->
                  <span class="method-name">searchProductCountTest</span>
                  <span class="parameters">(Samsung)</span>
                </div> <!-- method-content -->
              </div> <!-- method -->
              <div class="method">
                <div class="method-content">
                  <a name="searchProductCountTest(iMac)">
                  </a> <!-- searchProductCountTest(iMac) -->
                  <span class="method-name">searchProductCountTest</span>
                  <span class="parameters">(iMac)</span>
                </div> <!-- method-content -->
              </div> <!-- method -->
              <div class="method">
                <div class="method-content">
                  <a name="searchProductCountTest(Apple)">
                  </a> <!-- searchProductCountTest(Apple) -->
                  <span class="method-name">searchProductCountTest</span>
                  <span class="parameters">(Apple)</span>
                </div> <!-- method-content -->
              </div> <!-- method -->
              <div class="method">
                <div class="method-content">
                  <a name="searchProductTest(Macbook, MacBook Pro)">
                  </a> <!-- searchProductTest(Macbook, MacBook Pro) -->
                  <span class="method-name">searchProductTest</span>
                  <span class="parameters">(Macbook, MacBook Pro)</span>
                </div> <!-- method-content -->
              </div> <!-- method -->
              <div class="method">
                <div class="method-content">
                  <a name="searchProductTest(Macbook, MacBook Air)">
                  </a> <!-- searchProductTest(Macbook, MacBook Air) -->
                  <span class="method-name">searchProductTest</span>
                  <span class="parameters">(Macbook, MacBook Air)</span>
                </div> <!-- method-content -->
              </div> <!-- method -->
              <div class="method">
                <div class="method-content">
                  <a name="searchProductTest(Samsung, Samsung SyncMaster 941BW)">
                  </a> <!-- searchProductTest(Samsung, Samsung SyncMaster 941BW) -->
                  <span class="method-name">searchProductTest</span>
                  <span class="parameters">(Samsung, Samsung SyncMaster 941BW)</span>
                </div> <!-- method-content -->
              </div> <!-- method -->
              <div class="method">
                <div class="method-content">
                  <a name="searchProductTest(Apple, Apple Cinema 30&quot;)">
                  </a> <!-- searchProductTest(Apple, Apple Cinema 30") -->
                  <span class="method-name">searchProductTest</span>
                  <span class="parameters">(Apple, Apple Cinema 30")</span>
                </div> <!-- method-content -->
              </div> <!-- method -->
              <div class="method">
                <div class="method-content">
                  <a name="searchProductTest(iMac, iMac)">
                  </a> <!-- searchProductTest(iMac, iMac) -->
                  <span class="method-name">searchProductTest</span>
                  <span class="parameters">(iMac, iMac)</span>
                </div> <!-- method-content -->
              </div> <!-- method -->
            </div> <!-- main-panel-content rounded-window-bottom -->
          </div> <!-- suite-Opencart_App_Test_Regression_Suite-class-passed -->
          <div class="suite-Opencart_App_Test_Regression_Suite-class-passed">
            <div class="main-panel-header rounded-window-top">
              <img src="passed.png"/>
              <span class="class-name">com.qa.opencart.test.ProductPageInfoTest</span>
            </div> <!-- main-panel-header rounded-window-top -->
            <div class="main-panel-content rounded-window-bottom">
              <div class="method">
                <div class="method-content">
                  <a name="addtToCartTest(MacBook, MacBook Pro, 1)">
                  </a> <!-- addtToCartTest(MacBook, MacBook Pro, 1) -->
                  <span class="method-name">addtToCartTest</span>
                  <span class="parameters">(MacBook, MacBook Pro, 1)</span>
                </div> <!-- method-content -->
              </div> <!-- method -->
              <div class="method">
                <div class="method-content">
                  <a name="productImagesCountTest(Samsung, Samsung SyncMaster 941BW, 1)">
                  </a> <!-- productImagesCountTest(Samsung, Samsung SyncMaster 941BW, 1) -->
                  <span class="method-name">productImagesCountTest</span>
                  <span class="parameters">(Samsung, Samsung SyncMaster 941BW, 1)</span>
                </div> <!-- method-content -->
              </div> <!-- method -->
              <div class="method">
                <div class="method-content">
                  <a name="productImagesCountTest(Apple, Apple Cinema 30&quot;, 6)">
                  </a> <!-- productImagesCountTest(Apple, Apple Cinema 30", 6) -->
                  <span class="method-name">productImagesCountTest</span>
                  <span class="parameters">(Apple, Apple Cinema 30", 6)</span>
                </div> <!-- method-content -->
              </div> <!-- method -->
              <div class="method">
                <div class="method-content">
                  <a name="productImagesCountTest(Macbook, MacBook Pro, 4)">
                  </a> <!-- productImagesCountTest(Macbook, MacBook Pro, 4) -->
                  <span class="method-name">productImagesCountTest</span>
                  <span class="parameters">(Macbook, MacBook Pro, 4)</span>
                </div> <!-- method-content -->
              </div> <!-- method -->
              <div class="method">
                <div class="method-content">
                  <a name="productImagesCountTest(iMac, iMac, 3)">
                  </a> <!-- productImagesCountTest(iMac, iMac, 3) -->
                  <span class="method-name">productImagesCountTest</span>
                  <span class="parameters">(iMac, iMac, 3)</span>
                </div> <!-- method-content -->
              </div> <!-- method -->
              <div class="method">
                <div class="method-content">
                  <a name="productInfoTest">
                  </a> <!-- productInfoTest -->
                  <span class="method-name">productInfoTest</span>
                </div> <!-- method-content -->
              </div> <!-- method -->
            </div> <!-- main-panel-content rounded-window-bottom -->
          </div> <!-- suite-Opencart_App_Test_Regression_Suite-class-passed -->
          <div class="suite-Opencart_App_Test_Regression_Suite-class-passed">
            <div class="main-panel-header rounded-window-top">
              <img src="passed.png"/>
              <span class="class-name">com.qa.opencart.test.RegistrationPageTest</span>
            </div> <!-- main-panel-header rounded-window-top -->
            <div class="main-panel-content rounded-window-bottom">
              <div class="method">
                <div class="method-content">
                  <a name="userRegTest(amit, bidkar, 9898989898, amit@123, yes)">
                  </a> <!-- userRegTest(amit, bidkar, 9898989898, amit@123, yes) -->
                  <span class="method-name">userRegTest</span>
                  <span class="parameters">(amit, bidkar, 9898989898, amit@123, yes)</span>
                </div> <!-- method-content -->
              </div> <!-- method -->
              <div class="method">
                <div class="method-content">
                  <a name="userRegTest(vinutha, ravi, 9898978986, vinu@123, yes)">
                  </a> <!-- userRegTest(vinutha, ravi, 9898978986, vinu@123, yes) -->
                  <span class="method-name">userRegTest</span>
                  <span class="parameters">(vinutha, ravi, 9898978986, vinu@123, yes)</span>
                </div> <!-- method-content -->
              </div> <!-- method -->
              <div class="method">
                <div class="method-content">
                  <a name="userRegTest(meenakshi, sharma, 9876543212, meen@123, no)">
                  </a> <!-- userRegTest(meenakshi, sharma, 9876543212, meen@123, no) -->
                  <span class="method-name">userRegTest</span>
                  <span class="parameters">(meenakshi, sharma, 9876543212, meen@123, no)</span>
                </div> <!-- method-content -->
              </div> <!-- method -->
            </div> <!-- main-panel-content rounded-window-bottom -->
          </div> <!-- suite-Opencart_App_Test_Regression_Suite-class-passed -->
          <div class="suite-Opencart_App_Test_Regression_Suite-class-passed">
            <div class="main-panel-header rounded-window-top">
              <img src="passed.png"/>
              <span class="class-name">com.qa.opencart.test.LoginPageTest</span>
            </div> <!-- main-panel-header rounded-window-top -->
            <div class="main-panel-content rounded-window-bottom">
              <div class="method">
                <div class="method-content">
                  <a name="forgotPwdLinkExistTest">
                  </a> <!-- forgotPwdLinkExistTest -->
                  <span class="method-name">forgotPwdLinkExistTest</span>
                </div> <!-- method-content -->
              </div> <!-- method -->
              <div class="method">
                <div class="method-content">
                  <a name="loginPageTitleTest">
                  </a> <!-- loginPageTitleTest -->
                  <span class="method-name">loginPageTitleTest</span>
                </div> <!-- method-content -->
              </div> <!-- method -->
              <div class="method">
                <div class="method-content">
                  <a name="loginPageURLTest">
                  </a> <!-- loginPageURLTest -->
                  <span class="method-name">loginPageURLTest</span>
                </div> <!-- method-content -->
              </div> <!-- method -->
            </div> <!-- main-panel-content rounded-window-bottom -->
          </div> <!-- suite-Opencart_App_Test_Regression_Suite-class-passed -->
        </div> <!-- panel Opencart_App_Test_Regression_Suite -->
        <div panel-name="test-xml-Opencart_App_Test_Regression_Suite" class="panel">
          <div class="main-panel-header rounded-window-top">
            <span class="header-content">E:\Selenium projects\July2023POMPractice\src\test\resources\testRunners\testing_regression.xml</span>
          </div> <!-- main-panel-header rounded-window-top -->
          <div class="main-panel-content rounded-window-bottom">
            <pre>
&lt;?xml version=&quot;1.0&quot; encoding=&quot;UTF-8&quot;?&gt;
&lt;!DOCTYPE suite SYSTEM &quot;http://testng.org/testng-1.0.dtd&quot;&gt;
&lt;suite thread-count=&quot;4&quot; parallel=&quot;tests&quot; name=&quot;Opencart App Test Regression Suite&quot; guice-stage=&quot;DEVELOPMENT&quot; verbose=&quot;4&quot;&gt;
  &lt;listeners&gt;
    &lt;listener class-name=&quot;com.qa.opencart.listeners.ExtentReportListners&quot;/&gt;
    &lt;listener class-name=&quot;com.qa.opencart.listeners.TestAllureListener&quot;/&gt;
  &lt;/listeners&gt;
  &lt;test thread-count=&quot;4&quot; parallel=&quot;tests&quot; name=&quot;Login Page Test&quot; verbose=&quot;4&quot;&gt;
    &lt;classes&gt;
      &lt;class name=&quot;com.qa.opencart.test.LoginPageTest&quot;/&gt;
    &lt;/classes&gt;
  &lt;/test&gt; &lt;!-- Login Page Test --&gt;
  &lt;test thread-count=&quot;4&quot; parallel=&quot;tests&quot; name=&quot;Accounts Page Test&quot; verbose=&quot;4&quot;&gt;
    &lt;classes&gt;
      &lt;class name=&quot;com.qa.opencart.test.AccountsPageTest&quot;/&gt;
    &lt;/classes&gt;
  &lt;/test&gt; &lt;!-- Accounts Page Test --&gt;
  &lt;test thread-count=&quot;4&quot; parallel=&quot;tests&quot; name=&quot;Products Info Page Test&quot; verbose=&quot;4&quot;&gt;
    &lt;classes&gt;
      &lt;class name=&quot;com.qa.opencart.test.ProductPageInfoTest&quot;/&gt;
    &lt;/classes&gt;
  &lt;/test&gt; &lt;!-- Products Info Page Test --&gt;
  &lt;test thread-count=&quot;4&quot; parallel=&quot;tests&quot; name=&quot;Registration Page Test&quot; verbose=&quot;4&quot;&gt;
    &lt;classes&gt;
      &lt;class name=&quot;com.qa.opencart.test.RegistrationPageTest&quot;/&gt;
    &lt;/classes&gt;
  &lt;/test&gt; &lt;!-- Registration Page Test --&gt;
&lt;/suite&gt; &lt;!-- Opencart App Test Regression Suite --&gt;
            </pre>
          </div> <!-- main-panel-content rounded-window-bottom -->
        </div> <!-- panel -->
        <div panel-name="testlist-Opencart_App_Test_Regression_Suite" class="panel">
          <div class="main-panel-header rounded-window-top">
            <span class="header-content">Tests for Opencart App Test Regression Suite</span>
          </div> <!-- main-panel-header rounded-window-top -->
          <div class="main-panel-content rounded-window-bottom">
            <ul>
              <li>
                <span class="test-name">Login Page Test (1 class)</span>
              </li>
              <li>
                <span class="test-name">Accounts Page Test (1 class)</span>
              </li>
              <li>
                <span class="test-name">Products Info Page Test (1 class)</span>
              </li>
              <li>
                <span class="test-name">Registration Page Test (1 class)</span>
              </li>
            </ul>
          </div> <!-- main-panel-content rounded-window-bottom -->
        </div> <!-- panel -->
        <div panel-name="group-Opencart_App_Test_Regression_Suite" class="panel">
          <div class="main-panel-header rounded-window-top">
            <span class="header-content">Groups for Opencart App Test Regression Suite</span>
          </div> <!-- main-panel-header rounded-window-top -->
          <div class="main-panel-content rounded-window-bottom">
          </div> <!-- main-panel-content rounded-window-bottom -->
        </div> <!-- panel -->
        <div panel-name="times-Opencart_App_Test_Regression_Suite" class="panel">
          <div class="main-panel-header rounded-window-top">
            <span class="header-content">Times for Opencart App Test Regression Suite</span>
          </div> <!-- main-panel-header rounded-window-top -->
          <div class="main-panel-content rounded-window-bottom">
            <div class="times-div">
              <script type="text/javascript">
suiteTableInitFunctions.push('tableData_Opencart_App_Test_Regression_Suite');
function tableData_Opencart_App_Test_Regression_Suite() {
var data = new google.visualization.DataTable();
data.addColumn('number', 'Number');
data.addColumn('string', 'Method');
data.addColumn('string', 'Class');
data.addColumn('number', 'Time (ms)');
data.addRows(26);
data.setCell(0, 0, 0)
data.setCell(0, 1, 'loginTest')
data.setCell(0, 2, 'com.qa.opencart.test.LoginPageTest')
data.setCell(0, 3, 11285);
data.setCell(1, 0, 1)
data.setCell(1, 1, 'addtToCartTest')
data.setCell(1, 2, 'com.qa.opencart.test.ProductPageInfoTest')
data.setCell(1, 3, 7531);
data.setCell(2, 0, 2)
data.setCell(2, 1, 'accPageTitleTest')
data.setCell(2, 2, 'com.qa.opencart.test.AccountsPageTest')
data.setCell(2, 3, 5208);
data.setCell(3, 0, 3)
data.setCell(3, 1, 'userRegTest')
data.setCell(3, 2, 'com.qa.opencart.test.RegistrationPageTest')
data.setCell(3, 3, 4836);
data.setCell(4, 0, 4)
data.setCell(4, 1, 'userRegTest')
data.setCell(4, 2, 'com.qa.opencart.test.RegistrationPageTest')
data.setCell(4, 3, 4118);
data.setCell(5, 0, 5)
data.setCell(5, 1, 'userRegTest')
data.setCell(5, 2, 'com.qa.opencart.test.RegistrationPageTest')
data.setCell(5, 3, 4026);
data.setCell(6, 0, 6)
data.setCell(6, 1, 'addtToCartTest')
data.setCell(6, 2, 'com.qa.opencart.test.ProductPageInfoTest')
data.setCell(6, 3, 3369);
data.setCell(7, 0, 7)
data.setCell(7, 1, 'productImagesCountTest')
data.setCell(7, 2, 'com.qa.opencart.test.ProductPageInfoTest')
data.setCell(7, 3, 2371);
data.setCell(8, 0, 8)
data.setCell(8, 1, 'productImagesCountTest')
data.setCell(8, 2, 'com.qa.opencart.test.ProductPageInfoTest')
data.setCell(8, 3, 2125);
data.setCell(9, 0, 9)
data.setCell(9, 1, 'searchProductTest')
data.setCell(9, 2, 'com.qa.opencart.test.AccountsPageTest')
data.setCell(9, 3, 2069);
data.setCell(10, 0, 10)
data.setCell(10, 1, 'searchProductTest')
data.setCell(10, 2, 'com.qa.opencart.test.AccountsPageTest')
data.setCell(10, 3, 1987);
data.setCell(11, 0, 11)
data.setCell(11, 1, 'searchProductTest')
data.setCell(11, 2, 'com.qa.opencart.test.AccountsPageTest')
data.setCell(11, 3, 1925);
data.setCell(12, 0, 12)
data.setCell(12, 1, 'productImagesCountTest')
data.setCell(12, 2, 'com.qa.opencart.test.ProductPageInfoTest')
data.setCell(12, 3, 1920);
data.setCell(13, 0, 13)
data.setCell(13, 1, 'searchProductTest')
data.setCell(13, 2, 'com.qa.opencart.test.AccountsPageTest')
data.setCell(13, 3, 1690);
data.setCell(14, 0, 14)
data.setCell(14, 1, 'searchProductTest')
data.setCell(14, 2, 'com.qa.opencart.test.AccountsPageTest')
data.setCell(14, 3, 1668);
data.setCell(15, 0, 15)
data.setCell(15, 1, 'searchProductCountTest')
data.setCell(15, 2, 'com.qa.opencart.test.AccountsPageTest')
data.setCell(15, 3, 1585);
data.setCell(16, 0, 16)
data.setCell(16, 1, 'productInfoTest')
data.setCell(16, 2, 'com.qa.opencart.test.ProductPageInfoTest')
data.setCell(16, 3, 1554);
data.setCell(17, 0, 17)
data.setCell(17, 1, 'productImagesCountTest')
data.setCell(17, 2, 'com.qa.opencart.test.ProductPageInfoTest')
data.setCell(17, 3, 1465);
data.setCell(18, 0, 18)
data.setCell(18, 1, 'searchProductCountTest')
data.setCell(18, 2, 'com.qa.opencart.test.AccountsPageTest')
data.setCell(18, 3, 1359);
data.setCell(19, 0, 19)
data.setCell(19, 1, 'searchProductCountTest')
data.setCell(19, 2, 'com.qa.opencart.test.AccountsPageTest')
data.setCell(19, 3, 1331);
data.setCell(20, 0, 20)
data.setCell(20, 1, 'searchProductCountTest')
data.setCell(20, 2, 'com.qa.opencart.test.AccountsPageTest')
data.setCell(20, 3, 1315);
data.setCell(21, 0, 21)
data.setCell(21, 1, 'accPageHeadersCountTest')
data.setCell(21, 2, 'com.qa.opencart.test.AccountsPageTest')
data.setCell(21, 3, 205);
data.setCell(22, 0, 22)
data.setCell(22, 1, 'accPageHeadersValueTest')
data.setCell(22, 2, 'com.qa.opencart.test.AccountsPageTest')
data.setCell(22, 3, 183);
data.setCell(23, 0, 23)
data.setCell(23, 1, 'forgotPwdLinkExistTest')
data.setCell(23, 2, 'com.qa.opencart.test.LoginPageTest')
data.setCell(23, 3, 107);
data.setCell(24, 0, 24)
data.setCell(24, 1, 'loginPageTitleTest')
data.setCell(24, 2, 'com.qa.opencart.test.LoginPageTest')
data.setCell(24, 3, 100);
data.setCell(25, 0, 25)
data.setCell(25, 1, 'loginPageURLTest')
data.setCell(25, 2, 'com.qa.opencart.test.LoginPageTest')
data.setCell(25, 3, 19);
window.suiteTableData['Opencart_App_Test_Regression_Suite']= { tableData: data, tableDiv: 'times-div-Opencart_App_Test_Regression_Suite'}
return data;
}
              </script>
              <span class="suite-total-time">Total running time: 1 minutes</span>
              <div id="times-div-Opencart_App_Test_Regression_Suite">
              </div> <!-- times-div-Opencart_App_Test_Regression_Suite -->
            </div> <!-- times-div -->
          </div> <!-- main-panel-content rounded-window-bottom -->
        </div> <!-- panel -->
        <div panel-name="reporter-Opencart_App_Test_Regression_Suite" class="panel">
          <div class="main-panel-header rounded-window-top">
            <span class="header-content">Reporter output for Opencart App Test Regression Suite</span>
          </div> <!-- main-panel-header rounded-window-top -->
          <div class="main-panel-content rounded-window-bottom">
          </div> <!-- main-panel-content rounded-window-bottom -->
        </div> <!-- panel -->
        <div panel-name="ignored-methods-Opencart_App_Test_Regression_Suite" class="panel">
          <div class="main-panel-header rounded-window-top">
            <span class="header-content">0 ignored methods</span>
          </div> <!-- main-panel-header rounded-window-top -->
          <div class="main-panel-content rounded-window-bottom">
          </div> <!-- main-panel-content rounded-window-bottom -->
        </div> <!-- panel -->
        <div panel-name="chronological-Opencart_App_Test_Regression_Suite" class="panel">
          <div class="main-panel-header rounded-window-top">
            <span class="header-content">Methods in chronological order</span>
          </div> <!-- main-panel-header rounded-window-top -->
          <div class="main-panel-content rounded-window-bottom">
            <div class="chronological-class">
              <div class="chronological-class-name">com.qa.opencart.test.LoginPageTest</div> <!-- chronological-class-name -->
              <div class="configuration-test before">
                <span class="method-name">setup</span>
                <span class="method-start">0 ms</span>
              </div> <!-- configuration-test before -->
            </div> <!-- chronological-class -->
            <div class="chronological-class">
              <div class="chronological-class-name">com.qa.opencart.test.ProductPageInfoTest</div> <!-- chronological-class-name -->
              <div class="configuration-test before">
                <span class="method-name">setup</span>
                <span class="method-start">0 ms</span>
              </div> <!-- configuration-test before -->
            </div> <!-- chronological-class -->
            <div class="chronological-class">
              <div class="chronological-class-name">com.qa.opencart.test.RegistrationPageTest</div> <!-- chronological-class-name -->
              <div class="configuration-test before">
                <span class="method-name">setup</span>
                <span class="method-start">0 ms</span>
              </div> <!-- configuration-test before -->
            </div> <!-- chronological-class -->
            <div class="chronological-class">
              <div class="chronological-class-name">com.qa.opencart.test.AccountsPageTest</div> <!-- chronological-class-name -->
              <div class="configuration-test before">
                <span class="method-name">setup</span>
                <span class="method-start">0 ms</span>
              </div> <!-- configuration-test before -->
              <div class="configuration-class before">
                <span class="method-name">productInfoPageSetup</span>
                <span class="method-start">9389 ms</span>
              </div> <!-- configuration-class before -->
            </div> <!-- chronological-class -->
            <div class="chronological-class">
              <div class="chronological-class-name">com.qa.opencart.test.ProductPageInfoTest</div> <!-- chronological-class-name -->
              <div class="configuration-class before">
                <span class="method-name">accPageSetup</span>
                <span class="method-start">9390 ms</span>
              </div> <!-- configuration-class before -->
            </div> <!-- chronological-class -->
            <div class="chronological-class">
              <div class="chronological-class-name">com.qa.opencart.test.LoginPageTest</div> <!-- chronological-class-name -->
              <div class="test-method">
                <span class="method-name">loginPageTitleTest</span>
                <span class="method-start">9726 ms</span>
              </div> <!-- test-method -->
              <div class="test-method">
                <span class="method-name">loginPageURLTest</span>
                <span class="method-start">9910 ms</span>
              </div> <!-- test-method -->
              <div class="test-method">
                <span class="method-name">forgotPwdLinkExistTest</span>
                <span class="method-start">9931 ms</span>
              </div> <!-- test-method -->
            </div> <!-- chronological-class -->
            <div class="chronological-class">
              <div class="chronological-class-name">com.qa.opencart.test.RegistrationPageTest</div> <!-- chronological-class-name -->
              <div class="configuration-class before">
                <span class="method-name">regPageSetUp</span>
                <span class="method-start">9957 ms</span>
              </div> <!-- configuration-class before -->
            </div> <!-- chronological-class -->
            <div class="chronological-class">
              <div class="chronological-class-name">com.qa.opencart.test.LoginPageTest</div> <!-- chronological-class-name -->
              <div class="test-method">
                <img src="failed.png">
                </img>
                <span class="method-name">loginTest</span>
                <span class="method-start">10040 ms</span>
              </div> <!-- test-method -->
            </div> <!-- chronological-class -->
            <div class="chronological-class">
              <div class="chronological-class-name">com.qa.opencart.test.AccountsPageTest</div> <!-- chronological-class-name -->
              <div class="test-method">
                <img src="failed.png">
                </img>
                <span class="method-name">accPageHeadersCountTest</span>
                <span class="method-start">10322 ms</span>
              </div> <!-- test-method -->
            </div> <!-- chronological-class -->
            <div class="chronological-class">
              <div class="chronological-class-name">com.qa.opencart.test.ProductPageInfoTest</div> <!-- chronological-class-name -->
              <div class="test-method">
                <span class="method-name">addtToCartTest(MacBook, MacBook Pro, 1)</span>
                <span class="method-start">10346 ms</span>
              </div> <!-- test-method -->
            </div> <!-- chronological-class -->
            <div class="chronological-class">
              <div class="chronological-class-name">com.qa.opencart.test.AccountsPageTest</div> <!-- chronological-class-name -->
              <div class="test-method">
                <img src="failed.png">
                </img>
                <span class="method-name">accPageHeadersValueTest</span>
                <span class="method-start">11178 ms</span>
              </div> <!-- test-method -->
              <div class="test-method">
                <img src="failed.png">
                </img>
                <span class="method-name">accPageTitleTest</span>
                <span class="method-start">11912 ms</span>
              </div> <!-- test-method -->
            </div> <!-- chronological-class -->
            <div class="chronological-class">
              <div class="chronological-class-name">com.qa.opencart.test.RegistrationPageTest</div> <!-- chronological-class-name -->
              <div class="test-method">
                <span class="method-name">userRegTest(amit, bidkar, 9898989898, amit@123, yes)</span>
                <span class="method-start">13018 ms</span>
              </div> <!-- test-method -->
            </div> <!-- chronological-class -->
            <div class="chronological-class">
              <div class="chronological-class-name">com.qa.opencart.test.ProductPageInfoTest</div> <!-- chronological-class-name -->
              <div class="test-method">
                <img src="failed.png">
                </img>
                <span class="method-name">addtToCartTest(iMac, iMac, 2)</span>
                <span class="method-start">13722 ms</span>
              </div> <!-- test-method -->
            </div> <!-- chronological-class -->
            <div class="chronological-class">
              <div class="chronological-class-name">com.qa.opencart.test.RegistrationPageTest</div> <!-- chronological-class-name -->
              <div class="test-method">
                <span class="method-name">userRegTest(meenakshi, sharma, 9876543212, meen@123, no)</span>
                <span class="method-start">17054 ms</span>
              </div> <!-- test-method -->
            </div> <!-- chronological-class -->
            <div class="chronological-class">
              <div class="chronological-class-name">com.qa.opencart.test.AccountsPageTest</div> <!-- chronological-class-name -->
              <div class="test-method">
                <span class="method-name">searchProductCountTest(Macbook)</span>
                <span class="method-start">17895 ms</span>
              </div> <!-- test-method -->
              <div class="test-method">
                <span class="method-name">searchProductCountTest(iMac)</span>
                <span class="method-start">19215 ms</span>
              </div> <!-- test-method -->
              <div class="test-method">
                <span class="method-name">searchProductCountTest(Apple)</span>
                <span class="method-start">20803 ms</span>
              </div> <!-- test-method -->
            </div> <!-- chronological-class -->
            <div class="chronological-class">
              <div class="chronological-class-name">com.qa.opencart.test.RegistrationPageTest</div> <!-- chronological-class-name -->
              <div class="test-method">
                <span class="method-name">userRegTest(vinutha, ravi, 9898978986, vinu@123, yes)</span>
                <span class="method-start">21915 ms</span>
              </div> <!-- test-method -->
            </div> <!-- chronological-class -->
            <div class="chronological-class">
              <div class="chronological-class-name">com.qa.opencart.test.ProductPageInfoTest</div> <!-- chronological-class-name -->
              <div class="test-method">
                <span class="method-name">productImagesCountTest(Macbook, MacBook Pro, 4)</span>
                <span class="method-start">22078 ms</span>
              </div> <!-- test-method -->
            </div> <!-- chronological-class -->
            <div class="chronological-class">
              <div class="chronological-class-name">com.qa.opencart.test.LoginPageTest</div> <!-- chronological-class-name -->
              <div class="configuration-test after">
                <span class="method-name">tearDown</span>
                <span class="method-start">22171 ms</span>
              </div> <!-- configuration-test after -->
            </div> <!-- chronological-class -->
            <div class="chronological-class">
              <div class="chronological-class-name">com.qa.opencart.test.AccountsPageTest</div> <!-- chronological-class-name -->
              <div class="test-method">
                <span class="method-name">searchProductCountTest(Samsung)</span>
                <span class="method-start">22171 ms</span>
              </div> <!-- test-method -->
              <div class="test-method">
                <span class="method-name">searchProductTest(Macbook, MacBook Pro)</span>
                <span class="method-start">23634 ms</span>
              </div> <!-- test-method -->
            </div> <!-- chronological-class -->
            <div class="chronological-class">
              <div class="chronological-class-name">com.qa.opencart.test.ProductPageInfoTest</div> <!-- chronological-class-name -->
              <div class="test-method">
                <span class="method-name">productImagesCountTest(iMac, iMac, 3)</span>
                <span class="method-start">24208 ms</span>
              </div> <!-- test-method -->
              <div class="test-method">
                <span class="method-name">productImagesCountTest(Apple, Apple Cinema 30", 6)</span>
                <span class="method-start">25679 ms</span>
              </div> <!-- test-method -->
            </div> <!-- chronological-class -->
            <div class="chronological-class">
              <div class="chronological-class-name">com.qa.opencart.test.AccountsPageTest</div> <!-- chronological-class-name -->
              <div class="test-method">
                <span class="method-name">searchProductTest(Macbook, MacBook Air)</span>
                <span class="method-start">25703 ms</span>
              </div> <!-- test-method -->
            </div> <!-- chronological-class -->
            <div class="chronological-class">
              <div class="chronological-class-name">com.qa.opencart.test.RegistrationPageTest</div> <!-- chronological-class-name -->
              <div class="configuration-test after">
                <span class="method-name">tearDown</span>
                <span class="method-start">26038 ms</span>
              </div> <!-- configuration-test after -->
            </div> <!-- chronological-class -->
            <div class="chronological-class">
              <div class="chronological-class-name">com.qa.opencart.test.AccountsPageTest</div> <!-- chronological-class-name -->
              <div class="test-method">
                <span class="method-name">searchProductTest(iMac, iMac)</span>
                <span class="method-start">27698 ms</span>
              </div> <!-- test-method -->
            </div> <!-- chronological-class -->
            <div class="chronological-class">
              <div class="chronological-class-name">com.qa.opencart.test.ProductPageInfoTest</div> <!-- chronological-class-name -->
              <div class="test-method">
                <span class="method-name">productImagesCountTest(Samsung, Samsung SyncMaster 941BW, 1)</span>
                <span class="method-start">28055 ms</span>
              </div> <!-- test-method -->
            </div> <!-- chronological-class -->
            <div class="chronological-class">
              <div class="chronological-class-name">com.qa.opencart.test.AccountsPageTest</div> <!-- chronological-class-name -->
              <div class="test-method">
                <span class="method-name">searchProductTest(Apple, Apple Cinema 30")</span>
                <span class="method-start">29630 ms</span>
              </div> <!-- test-method -->
            </div> <!-- chronological-class -->
            <div class="chronological-class">
              <div class="chronological-class-name">com.qa.opencart.test.ProductPageInfoTest</div> <!-- chronological-class-name -->
              <div class="test-method">
                <span class="method-name">productInfoTest</span>
                <span class="method-start">29983 ms</span>
              </div> <!-- test-method -->
            </div> <!-- chronological-class -->
            <div class="chronological-class">
              <div class="chronological-class-name">com.qa.opencart.test.AccountsPageTest</div> <!-- chronological-class-name -->
              <div class="test-method">
                <span class="method-name">searchProductTest(Samsung, Samsung SyncMaster 941BW)</span>
                <span class="method-start">31327 ms</span>
              </div> <!-- test-method -->
            </div> <!-- chronological-class -->
            <div class="chronological-class">
              <div class="chronological-class-name">com.qa.opencart.test.ProductPageInfoTest</div> <!-- chronological-class-name -->
              <div class="configuration-test after">
                <span class="method-name">tearDown</span>
                <span class="method-start">31540 ms</span>
              </div> <!-- configuration-test after -->
            </div> <!-- chronological-class -->
            <div class="chronological-class">
              <div class="chronological-class-name">com.qa.opencart.test.AccountsPageTest</div> <!-- chronological-class-name -->
              <div class="configuration-test after">
                <span class="method-name">tearDown</span>
                <span class="method-start">33001 ms</span>
              </div> <!-- configuration-test after -->
          </div> <!-- main-panel-content rounded-window-bottom -->
        </div> <!-- panel -->
      </div> <!-- main-panel-root -->
    </div> <!-- wrapper -->
  </body>
</html>
